<?xml version="1.0" encoding="UTF-8"?>
<!-- Generated by org.testng.reporters.JUnitReportReporter -->
<testsuite hostname="LAPTOP-B5LLFCD0" failures="0" tests="1" name="TestClass" time="0.015" errors="0" timestamp="2022-11-13T14:21:29 IST" skipped="0">
  <testcase classname="TestClass" name="test1" time="0.015"/>
  <system-out/>
</testsuite> <!-- TestClass -->
