<?xml version="1.0" encoding="UTF-8"?>
<!-- Generated by org.testng.reporters.JUnitReportReporter -->
<testsuite hostname="LAPTOP-B5LLFCD0" failures="0" tests="1" name="TestRunner.DemoTestRunner" time="27.567" errors="0" timestamp="2022-11-30T15:22:40 IST" skipped="0">
  <testcase classname="TestRunner.DemoTestRunner" name="runScenario" time="27.567"/>
  <system-out/>
</testsuite> <!-- TestRunner.DemoTestRunner -->
